10:09:57.925 INFO [GridLauncherV3.parse] - Selenium server version: 3.141.59, revision: e82be7d358
10:09:58.003 INFO [GridLauncherV3.lambda$buildLaunchers$3] - Launching a standalone Selenium Server on port 4444
2021-01-15 10:09:58.046:INFO::main: Logging initialized @340ms to org.seleniumhq.jetty9.util.log.StdErrLog
10:09:58.264 INFO [WebDriverServlet.<init>] - Initialising WebDriverServlet
10:09:58.359 INFO [SeleniumServer.boot] - Selenium Server is up and running on port 4444
10:09:58.656 INFO [ActiveSessionFactory.apply] - Capabilities are: {
  "browserName": "chrome",
  "chromeOptions": {
    "args": [
      "--no-sandbox",
      "--headless"
    ],
    "w3c": false
  },
  "name": "Nightwatch Example"
}
10:09:58.657 INFO [ActiveSessionFactory.lambda$apply$11] - Matched factory org.openqa.selenium.grid.session.remote.ServicedSession$Factory (provider: org.openqa.selenium.chrome.ChromeDriverService)
Starting ChromeDriver 87.0.4280.20 (c99e81631faa0b2a448e658c0dbd8311fb04ddbd-refs/branch-heads/4280@{#355}) on port 7340
Only local connections are allowed.
Please see https://chromedriver.chromium.org/security-considerations for suggestions on keeping ChromeDriver safe.
ChromeDriver was started successfully.
10:09:59.749 INFO [ProtocolHandshake.createSession] - Detected dialect: OSS
10:10:00.036 INFO [RemoteSession$Factory.lambda$performHandshake$0] - Started new session 99d5a3356a2104c763da5dbdc1f1d9c9 (org.openqa.selenium.chrome.ChromeDriverService)
10:10:06.572 INFO [ActiveSessions$1.onStop] - Removing session 99d5a3356a2104c763da5dbdc1f1d9c9 (org.openqa.selenium.chrome.ChromeDriverService)
